<?xml version="1.0" encoding="UTF-8"?>
<!-- Generated by org.testng.reporters.JUnitReportReporter -->
<testsuite hostname="D1691804" name="Executar_1" tests="1" failures="0" timestamp="13 Dec 2016 18:46:35 GMT" time="0.023" errors="0">
  <testcase name="inciar" time="0.023" classname="Executar_1"/>
</testsuite> <!-- Executar_1 -->
